2023/11/19 13:45:10 [notice] 1#1: using the "epoll" event method
2023/11/19 13:45:10 [notice] 1#1: nginx/1.25.3
2023/11/19 13:45:10 [notice] 1#1: built by gcc 12.2.1 20220924 (Alpine 12.2.1_git20220924-r10) 
2023/11/19 13:45:10 [notice] 1#1: OS: Linux 5.10.16.3-microsoft-standard-WSL2
2023/11/19 13:45:10 [notice] 1#1: getrlimit(RLIMIT_NOFILE): 1048576:1048576
2023/11/19 13:45:10 [notice] 1#1: start worker processes
2023/11/19 13:45:10 [notice] 1#1: start worker process 29
2023/11/19 13:45:10 [notice] 1#1: start worker process 30
2023/11/19 13:45:10 [notice] 1#1: start worker process 31
2023/11/19 13:45:10 [notice] 1#1: start worker process 32
2023/11/19 13:45:10 [notice] 1#1: start worker process 33
2023/11/19 13:45:10 [notice] 1#1: start worker process 34
2023/11/19 13:45:10 [notice] 1#1: start worker process 35
2023/11/19 13:45:10 [notice] 1#1: start worker process 36
2023/11/19 13:47:24 [notice] 1#1: signal 3 (SIGQUIT) received, shutting down
2023/11/19 13:47:24 [notice] 29#29: gracefully shutting down
2023/11/19 13:47:24 [notice] 31#31: gracefully shutting down
2023/11/19 13:47:24 [notice] 29#29: exiting
2023/11/19 13:47:24 [notice] 32#32: gracefully shutting down
2023/11/19 13:47:24 [notice] 33#33: gracefully shutting down
2023/11/19 13:47:24 [notice] 30#30: gracefully shutting down
2023/11/19 13:47:24 [notice] 35#35: gracefully shutting down
2023/11/19 13:47:24 [notice] 32#32: exiting
2023/11/19 13:47:24 [notice] 33#33: exiting
2023/11/19 13:47:24 [notice] 35#35: exiting
2023/11/19 13:47:24 [notice] 30#30: exiting
2023/11/19 13:47:24 [notice] 29#29: exit
2023/11/19 13:47:24 [notice] 32#32: exit
2023/11/19 13:47:24 [notice] 33#33: exit
2023/11/19 13:47:24 [notice] 34#34: gracefully shutting down
2023/11/19 13:47:24 [notice] 30#30: exit
2023/11/19 13:47:24 [notice] 35#35: exit
2023/11/19 13:47:24 [notice] 34#34: exiting
2023/11/19 13:47:24 [notice] 34#34: exit
2023/11/19 13:47:24 [notice] 36#36: gracefully shutting down
2023/11/19 13:47:24 [notice] 36#36: exiting
2023/11/19 13:47:24 [notice] 36#36: exit
2023/11/19 13:47:24 [notice] 31#31: exiting
2023/11/19 13:47:24 [notice] 31#31: exit
2023/11/19 13:47:24 [notice] 1#1: signal 17 (SIGCHLD) received from 35
2023/11/19 13:47:24 [notice] 1#1: worker process 29 exited with code 0
2023/11/19 13:47:24 [notice] 1#1: worker process 35 exited with code 0
2023/11/19 13:47:24 [notice] 1#1: signal 29 (SIGIO) received
2023/11/19 13:47:24 [notice] 1#1: signal 17 (SIGCHLD) received from 36
2023/11/19 13:47:24 [notice] 1#1: worker process 36 exited with code 0
2023/11/19 13:47:24 [notice] 1#1: signal 29 (SIGIO) received
2023/11/19 13:47:25 [notice] 1#1: signal 17 (SIGCHLD) received from 34
2023/11/19 13:47:25 [notice] 1#1: worker process 30 exited with code 0
2023/11/19 13:47:25 [notice] 1#1: worker process 32 exited with code 0
2023/11/19 13:47:25 [notice] 1#1: worker process 34 exited with code 0
2023/11/19 13:47:25 [notice] 1#1: signal 29 (SIGIO) received
2023/11/19 13:47:25 [notice] 1#1: signal 17 (SIGCHLD) received from 31
2023/11/19 13:47:25 [notice] 1#1: worker process 31 exited with code 0
2023/11/19 13:47:25 [notice] 1#1: signal 29 (SIGIO) received
2023/11/19 13:47:25 [notice] 1#1: signal 17 (SIGCHLD) received from 33
2023/11/19 13:47:25 [notice] 1#1: worker process 33 exited with code 0
2023/11/19 13:47:25 [notice] 1#1: exit
2023/11/19 13:47:36 [notice] 1#1: using the "epoll" event method
2023/11/19 13:47:36 [notice] 1#1: nginx/1.25.3
2023/11/19 13:47:36 [notice] 1#1: built by gcc 12.2.1 20220924 (Alpine 12.2.1_git20220924-r10) 
2023/11/19 13:47:36 [notice] 1#1: OS: Linux 5.10.16.3-microsoft-standard-WSL2
2023/11/19 13:47:36 [notice] 1#1: getrlimit(RLIMIT_NOFILE): 1048576:1048576
2023/11/19 13:47:36 [notice] 1#1: start worker processes
2023/11/19 13:47:36 [notice] 1#1: start worker process 29
2023/11/19 13:47:36 [notice] 1#1: start worker process 30
2023/11/19 13:47:36 [notice] 1#1: start worker process 31
2023/11/19 13:47:36 [notice] 1#1: start worker process 32
2023/11/19 13:47:36 [notice] 1#1: start worker process 33
2023/11/19 13:47:36 [notice] 1#1: start worker process 34
2023/11/19 13:47:36 [notice] 1#1: start worker process 35
2023/11/19 13:47:36 [notice] 1#1: start worker process 36
2023/11/19 13:47:47 [error] 29#29: *1 directory index of "/var/www/" is forbidden, client: 172.21.0.1, server: , request: "GET / HTTP/1.1", host: "localhost"
2023/11/19 13:47:48 [error] 29#29: *1 open() "/var/www/favicon.ico" failed (2: No such file or directory), client: 172.21.0.1, server: , request: "GET /favicon.ico HTTP/1.1", host: "localhost", referrer: "http://localhost/"
2023/11/19 13:47:58 [error] 29#29: *1 directory index of "/var/www/" is forbidden, client: 172.21.0.1, server: , request: "GET / HTTP/1.1", host: "localhost"
2023/11/19 13:49:06 [notice] 1#1: signal 3 (SIGQUIT) received, shutting down
2023/11/19 13:49:06 [notice] 29#29: gracefully shutting down
2023/11/19 13:49:06 [notice] 30#30: gracefully shutting down
2023/11/19 13:49:06 [notice] 31#31: gracefully shutting down
2023/11/19 13:49:06 [notice] 29#29: exiting
2023/11/19 13:49:06 [notice] 30#30: exiting
2023/11/19 13:49:06 [notice] 32#32: gracefully shutting down
2023/11/19 13:49:06 [notice] 31#31: exiting
2023/11/19 13:49:06 [notice] 32#32: exiting
2023/11/19 13:49:06 [notice] 33#33: gracefully shutting down
2023/11/19 13:49:06 [notice] 33#33: exiting
2023/11/19 13:49:06 [notice] 29#29: exit
2023/11/19 13:49:06 [notice] 30#30: exit
2023/11/19 13:49:06 [notice] 31#31: exit
2023/11/19 13:49:06 [notice] 32#32: exit
2023/11/19 13:49:06 [notice] 33#33: exit
2023/11/19 13:49:06 [notice] 34#34: gracefully shutting down
2023/11/19 13:49:06 [notice] 35#35: gracefully shutting down
2023/11/19 13:49:06 [notice] 35#35: exiting
2023/11/19 13:49:06 [notice] 34#34: exiting
2023/11/19 13:49:06 [notice] 34#34: exit
2023/11/19 13:49:06 [notice] 35#35: exit
2023/11/19 13:49:06 [notice] 36#36: gracefully shutting down
2023/11/19 13:49:06 [notice] 36#36: exiting
2023/11/19 13:49:06 [notice] 36#36: exit
2023/11/19 13:49:06 [notice] 1#1: signal 17 (SIGCHLD) received from 33
2023/11/19 13:49:06 [notice] 1#1: worker process 33 exited with code 0
2023/11/19 13:49:06 [notice] 1#1: worker process 35 exited with code 0
2023/11/19 13:49:06 [notice] 1#1: signal 29 (SIGIO) received
2023/11/19 13:49:06 [notice] 1#1: signal 17 (SIGCHLD) received from 31
2023/11/19 13:49:06 [notice] 1#1: worker process 31 exited with code 0
2023/11/19 13:49:06 [notice] 1#1: worker process 34 exited with code 0
2023/11/19 13:49:06 [notice] 1#1: signal 29 (SIGIO) received
2023/11/19 13:49:06 [notice] 1#1: signal 17 (SIGCHLD) received from 30
2023/11/19 13:49:06 [notice] 1#1: worker process 30 exited with code 0
2023/11/19 13:49:06 [notice] 1#1: signal 29 (SIGIO) received
2023/11/19 13:49:06 [notice] 1#1: signal 17 (SIGCHLD) received from 36
2023/11/19 13:49:06 [notice] 1#1: worker process 36 exited with code 0
2023/11/19 13:49:06 [notice] 1#1: signal 29 (SIGIO) received
2023/11/19 13:49:06 [notice] 1#1: signal 17 (SIGCHLD) received from 32
2023/11/19 13:49:06 [notice] 1#1: worker process 32 exited with code 0
2023/11/19 13:49:06 [notice] 1#1: signal 29 (SIGIO) received
2023/11/19 13:49:06 [notice] 1#1: signal 17 (SIGCHLD) received from 29
2023/11/19 13:49:06 [notice] 1#1: worker process 29 exited with code 0
2023/11/19 13:49:06 [notice] 1#1: exit
2023/11/19 13:49:13 [notice] 1#1: using the "epoll" event method
2023/11/19 13:49:13 [notice] 1#1: nginx/1.25.3
2023/11/19 13:49:13 [notice] 1#1: built by gcc 12.2.1 20220924 (Alpine 12.2.1_git20220924-r10) 
2023/11/19 13:49:13 [notice] 1#1: OS: Linux 5.10.16.3-microsoft-standard-WSL2
2023/11/19 13:49:13 [notice] 1#1: getrlimit(RLIMIT_NOFILE): 1048576:1048576
2023/11/19 13:49:13 [notice] 1#1: start worker processes
2023/11/19 13:49:13 [notice] 1#1: start worker process 30
2023/11/19 13:49:13 [notice] 1#1: start worker process 31
2023/11/19 13:49:13 [notice] 1#1: start worker process 32
2023/11/19 13:49:13 [notice] 1#1: start worker process 33
2023/11/19 13:49:13 [notice] 1#1: start worker process 34
2023/11/19 13:49:13 [notice] 1#1: start worker process 35
2023/11/19 13:49:13 [notice] 1#1: start worker process 36
2023/11/19 13:49:13 [notice] 1#1: start worker process 37
2023/11/19 13:49:31 [error] 30#30: *1 directory index of "/var/www/" is forbidden, client: 172.21.0.1, server: , request: "GET / HTTP/1.1", host: "localhost"
2023/11/19 13:50:21 [notice] 1#1: signal 3 (SIGQUIT) received, shutting down
2023/11/19 13:50:21 [notice] 30#30: gracefully shutting down
2023/11/19 13:50:21 [notice] 31#31: gracefully shutting down
2023/11/19 13:50:21 [notice] 32#32: gracefully shutting down
2023/11/19 13:50:21 [notice] 31#31: exiting
2023/11/19 13:50:21 [notice] 33#33: gracefully shutting down
2023/11/19 13:50:21 [notice] 36#36: gracefully shutting down
2023/11/19 13:50:21 [notice] 33#33: exiting
2023/11/19 13:50:21 [notice] 37#37: gracefully shutting down
2023/11/19 13:50:21 [notice] 36#36: exiting
2023/11/19 13:50:21 [notice] 30#30: exiting
2023/11/19 13:50:21 [notice] 37#37: exiting
2023/11/19 13:50:21 [notice] 31#31: exit
2023/11/19 13:50:21 [notice] 33#33: exit
2023/11/19 13:50:21 [notice] 36#36: exit
2023/11/19 13:50:21 [notice] 30#30: exit
2023/11/19 13:50:21 [notice] 37#37: exit
2023/11/19 13:50:21 [notice] 34#34: gracefully shutting down
2023/11/19 13:50:21 [notice] 34#34: exiting
2023/11/19 13:50:21 [notice] 34#34: exit
2023/11/19 13:50:21 [notice] 35#35: gracefully shutting down
2023/11/19 13:50:21 [notice] 35#35: exiting
2023/11/19 13:50:21 [notice] 35#35: exit
2023/11/19 13:50:21 [notice] 1#1: signal 17 (SIGCHLD) received from 37
2023/11/19 13:50:21 [notice] 1#1: worker process 36 exited with code 0
2023/11/19 13:50:21 [notice] 1#1: worker process 37 exited with code 0
2023/11/19 13:50:21 [notice] 1#1: signal 29 (SIGIO) received
2023/11/19 13:50:21 [notice] 1#1: signal 17 (SIGCHLD) received from 34
2023/11/19 13:50:21 [notice] 1#1: worker process 34 exited with code 0
2023/11/19 13:50:21 [notice] 1#1: signal 29 (SIGIO) received
2023/11/19 13:50:21 [notice] 1#1: signal 17 (SIGCHLD) received from 35
2023/11/19 13:50:21 [notice] 1#1: worker process 35 exited with code 0
2023/11/19 13:50:21 [notice] 1#1: signal 29 (SIGIO) received
2023/11/19 13:50:21 [notice] 1#1: signal 17 (SIGCHLD) received from 33
2023/11/19 13:50:21 [notice] 1#1: worker process 30 exited with code 0
2023/11/19 13:50:21 [notice] 1#1: worker process 33 exited with code 0
2023/11/19 13:50:21 [notice] 1#1: signal 29 (SIGIO) received
2023/11/19 13:50:21 [notice] 1#1: signal 17 (SIGCHLD) received from 30
2023/11/19 13:50:21 [notice] 1#1: signal 17 (SIGCHLD) received from 31
2023/11/19 13:50:21 [notice] 1#1: worker process 31 exited with code 0
2023/11/19 13:50:21 [notice] 1#1: signal 29 (SIGIO) received
2023/11/19 13:50:38 [notice] 1#1: using the "epoll" event method
2023/11/19 13:50:38 [notice] 1#1: nginx/1.25.3
2023/11/19 13:50:38 [notice] 1#1: built by gcc 12.2.1 20220924 (Alpine 12.2.1_git20220924-r10) 
2023/11/19 13:50:38 [notice] 1#1: OS: Linux 5.10.16.3-microsoft-standard-WSL2
2023/11/19 13:50:38 [notice] 1#1: getrlimit(RLIMIT_NOFILE): 1048576:1048576
2023/11/19 13:50:38 [notice] 1#1: start worker processes
2023/11/19 13:50:38 [notice] 1#1: start worker process 29
2023/11/19 13:50:38 [notice] 1#1: start worker process 30
2023/11/19 13:50:38 [notice] 1#1: start worker process 31
2023/11/19 13:50:38 [notice] 1#1: start worker process 32
2023/11/19 13:50:38 [notice] 1#1: start worker process 33
2023/11/19 13:50:38 [notice] 1#1: start worker process 34
2023/11/19 13:50:38 [notice] 1#1: start worker process 35
2023/11/19 13:50:38 [notice] 1#1: start worker process 36
2023/11/19 13:50:53 [error] 29#29: *1 directory index of "/var/www/" is forbidden, client: 172.21.0.1, server: , request: "GET / HTTP/1.1", host: "localhost"
2023/11/19 13:50:54 [error] 29#29: *1 directory index of "/var/www/" is forbidden, client: 172.21.0.1, server: , request: "GET / HTTP/1.1", host: "localhost"
2023/11/19 13:59:57 [notice] 1#1: signal 3 (SIGQUIT) received, shutting down
2023/11/19 13:59:57 [notice] 29#29: gracefully shutting down
2023/11/19 13:59:57 [notice] 30#30: gracefully shutting down
2023/11/19 13:59:57 [notice] 31#31: gracefully shutting down
2023/11/19 13:59:57 [notice] 29#29: exiting
2023/11/19 13:59:57 [notice] 30#30: exiting
2023/11/19 13:59:57 [notice] 35#35: gracefully shutting down
2023/11/19 13:59:57 [notice] 34#34: gracefully shutting down
2023/11/19 13:59:57 [notice] 31#31: exiting
2023/11/19 13:59:57 [notice] 35#35: exiting
2023/11/19 13:59:57 [notice] 34#34: exiting
2023/11/19 13:59:57 [notice] 29#29: exit
2023/11/19 13:59:57 [notice] 30#30: exit
2023/11/19 13:59:57 [notice] 31#31: exit
2023/11/19 13:59:57 [notice] 35#35: exit
2023/11/19 13:59:57 [notice] 34#34: exit
2023/11/19 13:59:57 [notice] 33#33: gracefully shutting down
2023/11/19 13:59:57 [notice] 33#33: exiting
2023/11/19 13:59:57 [notice] 33#33: exit
2023/11/19 13:59:57 [notice] 32#32: gracefully shutting down
2023/11/19 13:59:57 [notice] 32#32: exiting
2023/11/19 13:59:57 [notice] 32#32: exit
2023/11/19 13:59:57 [notice] 36#36: gracefully shutting down
2023/11/19 13:59:57 [notice] 36#36: exiting
2023/11/19 13:59:57 [notice] 36#36: exit
2023/11/19 13:59:57 [notice] 1#1: signal 17 (SIGCHLD) received from 30
2023/11/19 13:59:57 [notice] 1#1: worker process 30 exited with code 0
2023/11/19 13:59:57 [notice] 1#1: signal 29 (SIGIO) received
2023/11/19 13:59:57 [notice] 1#1: signal 17 (SIGCHLD) received from 31
2023/11/19 13:59:57 [notice] 1#1: worker process 31 exited with code 0
2023/11/19 13:59:57 [notice] 1#1: signal 29 (SIGIO) received
2023/11/19 13:59:57 [notice] 1#1: signal 17 (SIGCHLD) received from 36
2023/11/19 13:59:57 [notice] 1#1: worker process 33 exited with code 0
2023/11/19 13:59:57 [notice] 1#1: worker process 36 exited with code 0
2023/11/19 13:59:57 [notice] 1#1: signal 29 (SIGIO) received
2023/11/19 13:59:57 [notice] 1#1: signal 17 (SIGCHLD) received from 33
2023/11/19 13:59:57 [notice] 1#1: signal 17 (SIGCHLD) received from 34
2023/11/19 13:59:57 [notice] 1#1: worker process 34 exited with code 0
2023/11/19 13:59:57 [notice] 1#1: signal 29 (SIGIO) received
2023/11/19 13:59:57 [notice] 1#1: signal 17 (SIGCHLD) received from 32
2023/11/19 13:59:57 [notice] 1#1: worker process 32 exited with code 0
2023/11/19 13:59:57 [notice] 1#1: signal 29 (SIGIO) received
2023/11/19 13:59:57 [notice] 1#1: signal 17 (SIGCHLD) received from 35
2023/11/19 13:59:57 [notice] 1#1: worker process 29 exited with code 0
2023/11/19 13:59:57 [notice] 1#1: worker process 35 exited with code 0
2023/11/19 13:59:57 [notice] 1#1: exit
2023/11/19 14:00:14 [emerg] 1#1: cannot load certificate "/etc/ssl/certs/localhost.crt": BIO_new_file() failed (SSL: error:80000002:system library::No such file or directory:calling fopen(/etc/ssl/certs/localhost.crt, r) error:10000080:BIO routines::no such file)
2023/11/19 14:04:20 [notice] 1#1: using the "epoll" event method
2023/11/19 14:04:20 [notice] 1#1: nginx/1.25.3
2023/11/19 14:04:20 [notice] 1#1: built by gcc 12.2.1 20220924 (Alpine 12.2.1_git20220924-r10) 
2023/11/19 14:04:20 [notice] 1#1: OS: Linux 5.10.16.3-microsoft-standard-WSL2
2023/11/19 14:04:20 [notice] 1#1: getrlimit(RLIMIT_NOFILE): 1048576:1048576
2023/11/19 14:04:20 [notice] 1#1: start worker processes
2023/11/19 14:04:20 [notice] 1#1: start worker process 29
2023/11/19 14:04:20 [notice] 1#1: start worker process 30
2023/11/19 14:04:20 [notice] 1#1: start worker process 31
2023/11/19 14:04:20 [notice] 1#1: start worker process 32
2023/11/19 14:04:20 [notice] 1#1: start worker process 33
2023/11/19 14:04:20 [notice] 1#1: start worker process 34
2023/11/19 14:04:20 [notice] 1#1: start worker process 35
2023/11/19 14:04:20 [notice] 1#1: start worker process 36
2023/11/19 14:05:21 [notice] 1#1: signal 3 (SIGQUIT) received, shutting down
2023/11/19 14:05:21 [notice] 29#29: gracefully shutting down
2023/11/19 14:05:21 [notice] 30#30: gracefully shutting down
2023/11/19 14:05:21 [notice] 34#34: gracefully shutting down
2023/11/19 14:05:21 [notice] 35#35: gracefully shutting down
2023/11/19 14:05:21 [notice] 31#31: gracefully shutting down
2023/11/19 14:05:21 [notice] 34#34: exiting
2023/11/19 14:05:21 [notice] 31#31: exiting
2023/11/19 14:05:21 [notice] 35#35: exiting
2023/11/19 14:05:21 [notice] 29#29: exiting
2023/11/19 14:05:21 [notice] 35#35: exit
2023/11/19 14:05:21 [notice] 29#29: exit
2023/11/19 14:05:21 [notice] 31#31: exit
2023/11/19 14:05:21 [notice] 34#34: exit
2023/11/19 14:05:21 [notice] 33#33: gracefully shutting down
2023/11/19 14:05:21 [notice] 33#33: exiting
2023/11/19 14:05:21 [notice] 33#33: exit
2023/11/19 14:05:21 [notice] 36#36: gracefully shutting down
2023/11/19 14:05:21 [notice] 36#36: exiting
2023/11/19 14:05:21 [notice] 36#36: exit
2023/11/19 14:05:21 [notice] 32#32: gracefully shutting down
2023/11/19 14:05:21 [notice] 32#32: exiting
2023/11/19 14:05:21 [notice] 32#32: exit
2023/11/19 14:05:21 [notice] 1#1: signal 17 (SIGCHLD) received from 29
2023/11/19 14:05:21 [notice] 1#1: worker process 29 exited with code 0
2023/11/19 14:05:21 [notice] 1#1: signal 29 (SIGIO) received
2023/11/19 14:05:22 [notice] 1#1: signal 17 (SIGCHLD) received from 35
2023/11/19 14:05:22 [notice] 1#1: worker process 32 exited with code 0
2023/11/19 14:05:22 [notice] 1#1: worker process 35 exited with code 0
2023/11/19 14:05:22 [notice] 1#1: signal 29 (SIGIO) received
2023/11/19 14:05:22 [notice] 1#1: signal 17 (SIGCHLD) received from 34
2023/11/19 14:05:22 [notice] 1#1: worker process 33 exited with code 0
2023/11/19 14:05:22 [notice] 1#1: worker process 34 exited with code 0
2023/11/19 14:05:22 [notice] 1#1: worker process 36 exited with code 0
2023/11/19 14:05:22 [notice] 1#1: signal 29 (SIGIO) received
2023/11/19 14:05:22 [notice] 1#1: signal 17 (SIGCHLD) received from 31
2023/11/19 14:05:22 [notice] 1#1: worker process 31 exited with code 0
2023/11/19 14:05:22 [notice] 1#1: signal 29 (SIGIO) received
2023/11/19 14:05:28 [notice] 30#30: exiting
2023/11/19 14:05:28 [notice] 30#30: exit
2023/11/19 14:05:28 [notice] 1#1: signal 17 (SIGCHLD) received from 30
2023/11/19 14:05:28 [notice] 1#1: worker process 30 exited with code 0
2023/11/19 14:05:28 [notice] 1#1: exit
2023/11/19 14:05:44 [notice] 1#1: using the "epoll" event method
2023/11/19 14:05:44 [notice] 1#1: nginx/1.25.3
2023/11/19 14:05:44 [notice] 1#1: built by gcc 12.2.1 20220924 (Alpine 12.2.1_git20220924-r10) 
2023/11/19 14:05:44 [notice] 1#1: OS: Linux 5.10.16.3-microsoft-standard-WSL2
2023/11/19 14:05:44 [notice] 1#1: getrlimit(RLIMIT_NOFILE): 1048576:1048576
2023/11/19 14:05:44 [notice] 1#1: start worker processes
2023/11/19 14:05:44 [notice] 1#1: start worker process 29
2023/11/19 14:05:44 [notice] 1#1: start worker process 30
2023/11/19 14:05:44 [notice] 1#1: start worker process 31
2023/11/19 14:05:44 [notice] 1#1: start worker process 32
2023/11/19 14:05:44 [notice] 1#1: start worker process 33
2023/11/19 14:05:44 [notice] 1#1: start worker process 34
2023/11/19 14:05:44 [notice] 1#1: start worker process 35
2023/11/19 14:05:44 [notice] 1#1: start worker process 36
2023/11/19 14:06:46 [notice] 1#1: signal 3 (SIGQUIT) received, shutting down
2023/11/19 14:06:46 [notice] 31#31: gracefully shutting down
2023/11/19 14:06:46 [notice] 34#34: gracefully shutting down
2023/11/19 14:06:46 [notice] 31#31: exiting
2023/11/19 14:06:46 [notice] 34#34: exiting
2023/11/19 14:06:46 [notice] 34#34: exit
2023/11/19 14:06:46 [notice] 31#31: exit
2023/11/19 14:06:46 [notice] 33#33: gracefully shutting down
2023/11/19 14:06:46 [notice] 33#33: exiting
2023/11/19 14:06:46 [notice] 33#33: exit
2023/11/19 14:06:46 [notice] 35#35: gracefully shutting down
2023/11/19 14:06:46 [notice] 35#35: exiting
2023/11/19 14:06:46 [notice] 35#35: exit
2023/11/19 14:06:46 [notice] 29#29: gracefully shutting down
2023/11/19 14:06:46 [notice] 29#29: exiting
2023/11/19 14:06:46 [notice] 29#29: exit
2023/11/19 14:06:46 [notice] 30#30: gracefully shutting down
2023/11/19 14:06:46 [notice] 30#30: exiting
2023/11/19 14:06:46 [notice] 30#30: exit
2023/11/19 14:06:46 [notice] 36#36: gracefully shutting down
2023/11/19 14:06:46 [notice] 36#36: exiting
2023/11/19 14:06:46 [notice] 36#36: exit
2023/11/19 14:06:46 [notice] 32#32: gracefully shutting down
2023/11/19 14:06:46 [notice] 32#32: exiting
2023/11/19 14:06:46 [notice] 32#32: exit
2023/11/19 14:06:47 [notice] 1#1: signal 17 (SIGCHLD) received from 31
2023/11/19 14:06:47 [notice] 1#1: worker process 31 exited with code 0
2023/11/19 14:06:47 [notice] 1#1: signal 29 (SIGIO) received
2023/11/19 14:06:47 [notice] 1#1: signal 17 (SIGCHLD) received from 34
2023/11/19 14:06:47 [notice] 1#1: worker process 29 exited with code 0
2023/11/19 14:06:47 [notice] 1#1: worker process 30 exited with code 0
2023/11/19 14:06:47 [notice] 1#1: worker process 32 exited with code 0
2023/11/19 14:06:47 [notice] 1#1: worker process 33 exited with code 0
2023/11/19 14:06:47 [notice] 1#1: worker process 34 exited with code 0
2023/11/19 14:06:47 [notice] 1#1: worker process 35 exited with code 0
2023/11/19 14:06:47 [notice] 1#1: worker process 36 exited with code 0
2023/11/19 14:06:47 [notice] 1#1: exit
2023/11/19 14:07:48 [notice] 1#1: using the "epoll" event method
2023/11/19 14:07:48 [notice] 1#1: nginx/1.25.3
2023/11/19 14:07:48 [notice] 1#1: built by gcc 12.2.1 20220924 (Alpine 12.2.1_git20220924-r10) 
2023/11/19 14:07:48 [notice] 1#1: OS: Linux 5.10.16.3-microsoft-standard-WSL2
2023/11/19 14:07:48 [notice] 1#1: getrlimit(RLIMIT_NOFILE): 1048576:1048576
2023/11/19 14:07:48 [notice] 1#1: start worker processes
2023/11/19 14:07:48 [notice] 1#1: start worker process 29
2023/11/19 14:07:48 [notice] 1#1: start worker process 30
2023/11/19 14:07:48 [notice] 1#1: start worker process 31
2023/11/19 14:07:48 [notice] 1#1: start worker process 32
2023/11/19 14:07:48 [notice] 1#1: start worker process 33
2023/11/19 14:07:48 [notice] 1#1: start worker process 34
2023/11/19 14:07:48 [notice] 1#1: start worker process 35
2023/11/19 14:07:48 [notice] 1#1: start worker process 36
2023/11/19 14:12:44 [notice] 1#1: signal 3 (SIGQUIT) received, shutting down
2023/11/19 14:12:44 [notice] 30#30: gracefully shutting down
2023/11/19 14:12:44 [notice] 30#30: exiting
2023/11/19 14:12:44 [notice] 35#35: gracefully shutting down
2023/11/19 14:12:44 [notice] 33#33: gracefully shutting down
2023/11/19 14:12:44 [notice] 36#36: gracefully shutting down
2023/11/19 14:12:44 [notice] 35#35: exiting
2023/11/19 14:12:44 [notice] 36#36: exiting
2023/11/19 14:12:44 [notice] 33#33: exiting
2023/11/19 14:12:44 [notice] 30#30: exit
2023/11/19 14:12:44 [notice] 36#36: exit
2023/11/19 14:12:44 [notice] 35#35: exit
2023/11/19 14:12:44 [notice] 33#33: exit
2023/11/19 14:12:44 [notice] 31#31: gracefully shutting down
2023/11/19 14:12:44 [notice] 31#31: exiting
2023/11/19 14:12:44 [notice] 31#31: exit
2023/11/19 14:12:45 [notice] 29#29: gracefully shutting down
2023/11/19 14:12:45 [notice] 29#29: exiting
2023/11/19 14:12:45 [notice] 29#29: exit
2023/11/19 14:12:45 [notice] 34#34: gracefully shutting down
2023/11/19 14:12:45 [notice] 34#34: exiting
2023/11/19 14:12:45 [notice] 34#34: exit
2023/11/19 14:12:45 [notice] 32#32: gracefully shutting down
2023/11/19 14:12:45 [notice] 32#32: exiting
2023/11/19 14:12:45 [notice] 32#32: exit
2023/11/19 14:12:45 [notice] 1#1: signal 17 (SIGCHLD) received from 34
2023/11/19 14:12:45 [notice] 1#1: worker process 32 exited with code 0
2023/11/19 14:12:45 [notice] 1#1: worker process 34 exited with code 0
2023/11/19 14:12:45 [notice] 1#1: signal 29 (SIGIO) received
2023/11/19 14:12:45 [notice] 1#1: signal 17 (SIGCHLD) received from 36
2023/11/19 14:12:45 [notice] 1#1: worker process 36 exited with code 0
2023/11/19 14:12:45 [notice] 1#1: signal 29 (SIGIO) received
2023/11/19 14:12:45 [notice] 1#1: signal 17 (SIGCHLD) received from 33
2023/11/19 14:12:45 [notice] 1#1: worker process 31 exited with code 0
2023/11/19 14:12:45 [notice] 1#1: worker process 33 exited with code 0
2023/11/19 14:12:45 [notice] 1#1: signal 29 (SIGIO) received
2023/11/19 14:12:45 [notice] 1#1: signal 17 (SIGCHLD) received from 31
2023/11/19 14:12:45 [notice] 1#1: worker process 29 exited with code 0
2023/11/19 14:12:45 [notice] 1#1: signal 29 (SIGIO) received
2023/11/19 14:12:45 [notice] 1#1: signal 17 (SIGCHLD) received from 30
2023/11/19 14:12:45 [notice] 1#1: worker process 30 exited with code 0
2023/11/19 14:12:45 [notice] 1#1: signal 29 (SIGIO) received
2023/11/19 14:12:45 [notice] 1#1: signal 17 (SIGCHLD) received from 35
2023/11/19 14:12:45 [notice] 1#1: worker process 35 exited with code 0
2023/11/19 14:12:45 [notice] 1#1: exit
2023/11/19 14:13:10 [notice] 1#1: using the "epoll" event method
2023/11/19 14:13:10 [notice] 1#1: nginx/1.25.3
2023/11/19 14:13:10 [notice] 1#1: built by gcc 12.2.1 20220924 (Alpine 12.2.1_git20220924-r10) 
2023/11/19 14:13:10 [notice] 1#1: OS: Linux 5.10.16.3-microsoft-standard-WSL2
2023/11/19 14:13:10 [notice] 1#1: getrlimit(RLIMIT_NOFILE): 1048576:1048576
2023/11/19 14:13:10 [notice] 1#1: start worker processes
2023/11/19 14:13:10 [notice] 1#1: start worker process 29
2023/11/19 14:13:10 [notice] 1#1: start worker process 30
2023/11/19 14:13:10 [notice] 1#1: start worker process 31
2023/11/19 14:13:10 [notice] 1#1: start worker process 32
2023/11/19 14:13:10 [notice] 1#1: start worker process 33
2023/11/19 14:13:10 [notice] 1#1: start worker process 34
2023/11/19 14:13:10 [notice] 1#1: start worker process 35
2023/11/19 14:13:10 [notice] 1#1: start worker process 36
